#
# A fatal error has been detected by the Java Runtime Environment:
#
#  EXCEPTION_ACCESS_VIOLATION (0xc0000005) at pc=0x6d6dd369, pid=4948, tid=2120
#
# JRE version: Java(TM) SE Runtime Environment (7.0_45-b18) (build 1.7.0_45-b18)
# Java VM: Java HotSpot(TM) Client VM (24.45-b08 mixed mode windows-x86 )
# Problematic frame:
# V  [jvm.dll+0xdd369]
#
# Failed to write core dump. Minidumps are not enabled by default on client versions of Windows
#
# If you would like to submit a bug report, please visit:
#   http://bugreport.sun.com/bugreport/crash.jsp
#

---------------  T H R E A D  ---------------

Current thread (0x04964000):  JavaThread "JDWP Transport Listener: dt_socket" daemon [_thread_in_vm, id=2120, stack(0x05030000,0x05080000)]

siginfo: ExceptionCode=0xc0000005, reading address 0xc1830004

Registers:
EAX=0x7574616e, EBX=0x00000000, ECX=0x7574616e, EDX=0x00000000
ESP=0x0507fb14, EBP=0x0507fb18, ESI=0xc1830000, EDI=0x0507fbf8
EIP=0x6d6dd369, EFLAGS=0x00010293

Top of Stack: (sp=0x0507fb14)
0x0507fb14:   01187660 0507fb40 6d80e04a 7574616e
0x0507fb24:   0507fb7b 04964000 00000000 00000000
0x0507fb34:   00000000 04964000 04964000 0507fb7c
0x0507fb44:   74dc9d9d 01187660 7574616e 0507fb7b
0x0507fb54:   7574616e 74db436d 7574616e 0507fb7b
0x0507fb64:   0000000a 00000000 00000000 0000000a
0x0507fb74:   00000000 0062e340 0507fb9c 74db44e0
0x0507fb84:   00000001 0507fbb8 0507fbf4 056c6e50 

Instructions: (pc=0x6d6dd369)
0x6d6dd349:   0c 5f 5e 5d c2 0c 00 55 8b ec 8b 45 08 56 85 c0
0x6d6dd359:   74 28 8b 30 85 f6 74 22 81 fe fe fe fe fe 74 1a
0x6d6dd369:   8b 4e 04 8b 41 08 8b 90 90 00 00 00 83 c1 08 ff
0x6d6dd379:   d2 84 c0 74 05 8b c6 5e 5d c3 33 c0 5e 5d c3 cc 


Register to memory mapping:

EAX=0x7574616e is an unknown value
EBX=0x00000000 is an unknown value
ECX=0x7574616e is an unknown value
EDX=0x00000000 is an unknown value
ESP=0x0507fb14 is pointing into the stack for thread: 0x04964000
EBP=0x0507fb18 is pointing into the stack for thread: 0x04964000
ESI=0xc1830000 is an unknown value
EDI=0x0507fbf8 is pointing into the stack for thread: 0x04964000


Stack: [0x05030000,0x05080000],  sp=0x0507fb14,  free space=318k
Native frames: (J=compiled Java code, j=interpreted, Vv=VM code, C=native code)
V  [jvm.dll+0xdd369]
V  [jvm.dll+0x20e04a]
C  [jdwp.dll+0x19d9d]
C  [jdwp.dll+0x44e0]
C  [jdwp.dll+0x451e]


---------------  P R O C E S S  ---------------

Java Threads: ( => current thread )
  0x05701000 JavaThread "MySQL Statement Cancellation Timer" daemon [_thread_blocked, id=6300, stack(0x05950000,0x059a0000)]
  0x0497c400 JavaThread "Service Thread" daemon [_thread_blocked, id=2920, stack(0x05110000,0x05160000)]
  0x04979400 JavaThread "C1 CompilerThread0" daemon [_thread_blocked, id=4640, stack(0x05160000,0x051b0000)]
  0x0496ac00 JavaThread "JDWP Command Reader" daemon [_thread_in_native, id=7076, stack(0x052b0000,0x05300000)]
  0x04968800 JavaThread "JDWP Event Helper Thread" daemon [_thread_blocked, id=472, stack(0x051c0000,0x05210000)]
=>0x04964000 JavaThread "JDWP Transport Listener: dt_socket" daemon [_thread_in_vm, id=2120, stack(0x05030000,0x05080000)]
  0x04957000 JavaThread "Attach Listener" daemon [_thread_blocked, id=812, stack(0x04e30000,0x04e80000)]
  0x0492e800 JavaThread "Signal Dispatcher" daemon [_thread_blocked, id=4644, stack(0x04dd0000,0x04e20000)]
  0x0491a800 JavaThread "Finalizer" daemon [_thread_blocked, id=6856, stack(0x04c90000,0x04ce0000)]
  0x04914800 JavaThread "Reference Handler" daemon [_thread_blocked, id=6304, stack(0x02790000,0x027e0000)]
  0x0118fc00 JavaThread "main" [_thread_blocked, id=2928, stack(0x011e0000,0x01230000)]

Other Threads:
  0x04912800 VMThread [stack: 0x01280000,0x012d0000] [id=5512]
  0x0498d800 WatcherThread [stack: 0x05350000,0x053a0000] [id=2800]

VM state:not at safepoint (normal execution)

VM Mutex/Monitor currently owned by a thread: None

Heap
 def new generation   total 4928K, used 4269K [0x0f010000, 0x0f560000, 0x14560000)
  eden space 4416K,  85% used [0x0f010000, 0x0f3bb660, 0x0f460000)
  from space 512K, 100% used [0x0f4e0000, 0x0f560000, 0x0f560000)
  to   space 512K,   0% used [0x0f460000, 0x0f460000, 0x0f4e0000)
 tenured generation   total 10944K, used 4593K [0x14560000, 0x15010000, 0x1f010000)
   the space 10944K,  41% used [0x14560000, 0x149dc550, 0x149dc600, 0x15010000)
 compacting perm gen  total 12288K, used 8208K [0x1f010000, 0x1fc10000, 0x23010000)
   the space 12288K,  66% used [0x1f010000, 0x1f814268, 0x1f814400, 0x1fc10000)
No shared spaces configured.

Card table byte_map: [0x01080000,0x01130000] byte_map_base: 0x01007f80

Polling page: 0x00130000

Code Cache  [0x02900000, 0x02a60000, 0x04900000)
 total_blobs=592 nmethods=434 adapters=104 free_code_cache=31364Kb largest_free_block=32116480

Compilation events (10 events):
Event: 25.163 Thread 0x04979400  434   !         java.util.zip.Inflater::inflate (113 bytes)
Event: 25.163 Thread 0x04979400 nmethod 434 0x02a5d708 code [0x02a5d850, 0x02a5dc30]
Event: 25.207 Thread 0x04979400  436             java.security.ProtectionDomain::getCodeSource (5 bytes)
Event: 25.207 Thread 0x04979400 nmethod 436 0x02a5df48 code [0x02a5e040, 0x02a5e0c0]
Event: 25.255 Thread 0x04979400  437             java.util.zip.ZipFile::access$400 (5 bytes)
Event: 25.255 Thread 0x04979400 nmethod 437 0x02a5e108 code [0x02a5e200, 0x02a5e280]
Event: 27.300 Thread 0x04979400  438             java.util.AbstractMap::<init> (15 bytes)
Event: 27.300 Thread 0x04979400 nmethod 438 0x02a5e308 code [0x02a5e400, 0x02a5e4b0]
Event: 28.319 Thread 0x04979400  439             java.util.HashMap::<init> (119 bytes)
Event: 28.319 Thread 0x04979400 nmethod 439 0x02a5e508 code [0x02a5e6b0, 0x02a5ec68]

GC Heap History (10 events):
Event: 11.308 GC heap before
{Heap before GC invocations=12 (full 0):
 def new generation   total 4928K, used 4585K [0x0f010000, 0x0f560000, 0x14560000)
  eden space 4416K, 100% used [0x0f010000, 0x0f460000, 0x0f460000)
  from space 512K,  33% used [0x0f460000, 0x0f48a740, 0x0f4e0000)
  to   space 512K,   0% used [0x0f4e0000, 0x0f4e0000, 0x0f560000)
 tenured generation   total 10944K, used 3382K [0x14560000, 0x15010000, 0x1f010000)
   the space 10944K,  30% used [0x14560000, 0x148ad928, 0x148ada00, 0x15010000)
 compacting perm gen  total 12288K, used 6037K [0x1f010000, 0x1fc10000, 0x23010000)
   the space 12288K,  49% used [0x1f010000, 0x1f5f5548, 0x1f5f5600, 0x1fc10000)
No shared spaces configured.
Event: 11.309 GC heap after
Heap after GC invocations=13 (full 0):
 def new generation   total 4928K, used 204K [0x0f010000, 0x0f560000, 0x14560000)
  eden space 4416K,   0% used [0x0f010000, 0x0f010000, 0x0f460000)
  from space 512K,  40% used [0x0f4e0000, 0x0f5133f0, 0x0f560000)
  to   space 512K,   0% used [0x0f460000, 0x0f460000, 0x0f4e0000)
 tenured generation   total 10944K, used 3382K [0x14560000, 0x15010000, 0x1f010000)
   the space 10944K,  30% used [0x14560000, 0x148ad928, 0x148ada00, 0x15010000)
 compacting perm gen  total 12288K, used 6037K [0x1f010000, 0x1fc10000, 0x23010000)
   the space 12288K,  49% used [0x1f010000, 0x1f5f5548, 0x1f5f5600, 0x1fc10000)
No shared spaces configured.
}
Event: 11.923 GC heap before
{Heap before GC invocations=13 (full 0):
 def new generation   total 4928K, used 4620K [0x0f010000, 0x0f560000, 0x14560000)
  eden space 4416K, 100% used [0x0f010000, 0x0f460000, 0x0f460000)
  from space 512K,  40% used [0x0f4e0000, 0x0f5133f0, 0x0f560000)
  to   space 512K,   0% used [0x0f460000, 0x0f460000, 0x0f4e0000)
 tenured generation   total 10944K, used 3382K [0x14560000, 0x15010000, 0x1f010000)
   the space 10944K,  30% used [0x14560000, 0x148ad928, 0x148ada00, 0x15010000)
 compacting perm gen  total 12288K, used 6037K [0x1f010000, 0x1fc10000, 0x23010000)
   the space 12288K,  49% used [0x1f010000, 0x1f5f5558, 0x1f5f5600, 0x1fc10000)
No shared spaces configured.
Event: 11.924 GC heap after
Heap after GC invocations=14 (full 0):
 def new generation   total 4928K, used 205K [0x0f010000, 0x0f560000, 0x14560000)
  eden space 4416K,   0% used [0x0f010000, 0x0f010000, 0x0f460000)
  from space 512K,  40% used [0x0f460000, 0x0f493620, 0x0f4e0000)
  to   space 512K,   0% used [0x0f4e0000, 0x0f4e0000, 0x0f560000)
 tenured generation   total 10944K, used 3382K [0x14560000, 0x15010000, 0x1f010000)
   the space 10944K,  30% used [0x14560000, 0x148ad928, 0x148ada00, 0x15010000)
 compacting perm gen  total 12288K, used 6037K [0x1f010000, 0x1fc10000, 0x23010000)
   the space 12288K,  49% used [0x1f010000, 0x1f5f5558, 0x1f5f5600, 0x1fc10000)
No shared spaces configured.
}
Event: 12.407 GC heap before
{Heap before GC invocations=14 (full 0):
 def new generation   total 4928K, used 4620K [0x0f010000, 0x0f560000, 0x14560000)
  eden space 4416K,  99% used [0x0f010000, 0x0f45fdb8, 0x0f460000)
  from space 512K,  40% used [0x0f460000, 0x0f493620, 0x0f4e0000)
  to   space 512K,   0% used [0x0f4e0000, 0x0f4e0000, 0x0f560000)
 tenured generation   total 10944K, used 3382K [0x14560000, 0x15010000, 0x1f010000)
   the space 10944K,  30% used [0x14560000, 0x148ad928, 0x148ada00, 0x15010000)
 compacting perm gen  total 12288K, used 6041K [0x1f010000, 0x1fc10000, 0x23010000)
   the space 12288K,  49% used [0x1f010000, 0x1f5f6500, 0x1f5f6600, 0x1fc10000)
No shared spaces configured.
Event: 12.408 GC heap after
Heap after GC invocations=15 (full 0):
 def new generation   total 4928K, used 313K [0x0f010000, 0x0f560000, 0x14560000)
  eden space 4416K,   0% used [0x0f010000, 0x0f010000, 0x0f460000)
  from space 512K,  61% used [0x0f4e0000, 0x0f52e640, 0x0f560000)
  to   space 512K,   0% used [0x0f460000, 0x0f460000, 0x0f4e0000)
 tenured generation   total 10944K, used 3382K [0x14560000, 0x15010000, 0x1f010000)
   the space 10944K,  30% used [0x14560000, 0x148ad928, 0x148ada00, 0x15010000)
 compacting perm gen  total 12288K, used 6041K [0x1f010000, 0x1fc10000, 0x23010000)
   the space 12288K,  49% used [0x1f010000, 0x1f5f6500, 0x1f5f6600, 0x1fc10000)
No shared spaces configured.
}
Event: 13.109 GC heap before
{Heap before GC invocations=15 (full 0):
 def new generation   total 4928K, used 4712K [0x0f010000, 0x0f560000, 0x14560000)
  eden space 4416K,  99% used [0x0f010000, 0x0f45bb10, 0x0f460000)
  from space 512K,  61% used [0x0f4e0000, 0x0f52e640, 0x0f560000)
  to   space 512K,   0% used [0x0f460000, 0x0f460000, 0x0f4e0000)
 tenured generation   total 10944K, used 3382K [0x14560000, 0x15010000, 0x1f010000)
   the space 10944K,  30% used [0x14560000, 0x148ad928, 0x148ada00, 0x15010000)
 compacting perm gen  total 12288K, used 6439K [0x1f010000, 0x1fc10000, 0x23010000)
   the space 12288K,  52% used [0x1f010000, 0x1f659ca0, 0x1f659e00, 0x1fc10000)
No shared spaces configured.
Event: 13.111 GC heap after
Heap after GC invocations=16 (full 0):
 def new generation   total 4928K, used 512K [0x0f010000, 0x0f560000, 0x14560000)
  eden space 4416K,   0% used [0x0f010000, 0x0f010000, 0x0f460000)
  from space 512K, 100% used [0x0f460000, 0x0f4e0000, 0x0f4e0000)
  to   space 512K,   0% used [0x0f4e0000, 0x0f4e0000, 0x0f560000)
 tenured generation   total 10944K, used 3722K [0x14560000, 0x15010000, 0x1f010000)
   the space 10944K,  34% used [0x14560000, 0x14902a20, 0x14902c00, 0x15010000)
 compacting perm gen  total 12288K, used 6439K [0x1f010000, 0x1fc10000, 0x23010000)
   the space 12288K,  52% used [0x1f010000, 0x1f659ca0, 0x1f659e00, 0x1fc10000)
No shared spaces configured.
}
Event: 14.159 GC heap before
{Heap before GC invocations=16 (full 0):
 def new generation   total 4928K, used 4928K [0x0f010000, 0x0f560000, 0x14560000)
  eden space 4416K, 100% used [0x0f010000, 0x0f460000, 0x0f460000)
  from space 512K, 100% used [0x0f460000, 0x0f4e0000, 0x0f4e0000)
  to   space 512K,   0% used [0x0f4e0000, 0x0f4e0000, 0x0f560000)
 tenured generation   total 10944K, used 3722K [0x14560000, 0x15010000, 0x1f010000)
   the space 10944K,  34% used [0x14560000, 0x14902a20, 0x14902c00, 0x15010000)
 compacting perm gen  total 12288K, used 7719K [0x1f010000, 0x1fc10000, 0x23010000)
   the space 12288K,  62% used [0x1f010000, 0x1f799fd8, 0x1f79a000, 0x1fc10000)
No shared spaces configured.
Event: 14.164 GC heap after
Heap after GC invocations=17 (full 0):
 def new generation   total 4928K, used 512K [0x0f010000, 0x0f560000, 0x14560000)
  eden space 4416K,   0% used [0x0f010000, 0x0f010000, 0x0f460000)
  from space 512K, 100% used [0x0f4e0000, 0x0f560000, 0x0f560000)
  to   space 512K,   0% used [0x0f460000, 0x0f460000, 0x0f4e0000)
 tenured generation   total 10944K, used 4593K [0x14560000, 0x15010000, 0x1f010000)
   the space 10944K,  41% used [0x14560000, 0x149dc550, 0x149dc600, 0x15010000)
 compacting perm gen  total 12288K, used 7719K [0x1f010000, 0x1fc10000, 0x23010000)
   the space 12288K,  62% used [0x1f010000, 0x1f799fd8, 0x1f79a000, 0x1fc10000)
No shared spaces configured.
}

Deoptimization events (0 events):
No events

Internal exceptions (10 events):
Event: 25.370 Thread 0x0118fc00 Threw 0x0f339040 at C:\re\jdk7u45\229\hotspot\src\share\vm\prims\jvm.cpp:1244
Event: 25.375 Thread 0x0118fc00 Threw 0x0f33dee0 at C:\re\jdk7u45\229\hotspot\src\share\vm\prims\jvm.cpp:1244
Event: 25.381 Thread 0x0118fc00 Threw 0x0f344b58 at C:\re\jdk7u45\229\hotspot\src\share\vm\prims\jvm.cpp:1244
Event: 25.386 Thread 0x0118fc00 Threw 0x0f34b4b0 at C:\re\jdk7u45\229\hotspot\src\share\vm\prims\jvm.cpp:1244
Event: 25.392 Thread 0x0118fc00 Threw 0x0f351858 at C:\re\jdk7u45\229\hotspot\src\share\vm\prims\jvm.cpp:1244
Event: 25.397 Thread 0x0118fc00 Threw 0x0f357fd0 at C:\re\jdk7u45\229\hotspot\src\share\vm\prims\jvm.cpp:1244
Event: 25.402 Thread 0x0118fc00 Threw 0x0f35e110 at C:\re\jdk7u45\229\hotspot\src\share\vm\prims\jvm.cpp:1244
Event: 25.408 Thread 0x0118fc00 Threw 0x0f363a80 at C:\re\jdk7u45\229\hotspot\src\share\vm\prims\jvm.cpp:1244
Event: 25.413 Thread 0x0118fc00 Threw 0x0f369b78 at C:\re\jdk7u45\229\hotspot\src\share\vm\prims\jvm.cpp:1244
Event: 25.419 Thread 0x0118fc00 Threw 0x0f36f488 at C:\re\jdk7u45\229\hotspot\src\share\vm\prims\jvm.cpp:1244

Events (10 events):
Event: 236.090 Executing VM operation: RedefineClasses
Event: 236.091 Executing VM operation: RedefineClasses done
Event: 236.099 Executing VM operation: ChangeBreakpoints
Event: 236.099 Executing VM operation: ChangeBreakpoints done
Event: 238.249 Executing VM operation: RedefineClasses
Event: 238.250 Executing VM operation: RedefineClasses done
Event: 238.257 Executing VM operation: ChangeBreakpoints
Event: 238.257 Executing VM operation: ChangeBreakpoints done
Event: 240.424 Executing VM operation: RedefineClasses
Event: 240.425 Executing VM operation: RedefineClasses done


Dynamic libraries:
0x01310000 - 0x0133f000 	D:\MyEclipse Professional 2014\binary\com.sun.java.jdk7.win32.x86_1.7.0.u45\bin\javaw.exe
0x77bd0000 - 0x77d50000 	C:\windows\SysWOW64\ntdll.dll
0x75f30000 - 0x76040000 	C:\windows\syswow64\kernel32.dll
0x75a40000 - 0x75a86000 	C:\windows\syswow64\KERNELBASE.dll
0x77270000 - 0x77310000 	C:\windows\syswow64\ADVAPI32.dll
0x77320000 - 0x773cc000 	C:\windows\syswow64\msvcrt.dll
0x76f90000 - 0x76fa9000 	C:\windows\SysWOW64\sechost.dll
0x760a0000 - 0x76190000 	C:\windows\syswow64\RPCRT4.dll
0x75730000 - 0x75790000 	C:\windows\syswow64\SspiCli.dll
0x75720000 - 0x7572c000 	C:\windows\syswow64\CRYPTBASE.dll
0x75cc0000 - 0x75dc0000 	C:\windows\syswow64\USER32.dll
0x773e0000 - 0x77470000 	C:\windows\syswow64\GDI32.dll
0x75cb0000 - 0x75cba000 	C:\windows\syswow64\LPK.dll
0x75ac0000 - 0x75b5d000 	C:\windows\syswow64\USP10.dll
0x72070000 - 0x7220e000 	C:\windows\WinSxS\x86_microsoft.windows.common-controls_6595b64144ccf1df_6.0.7601.17514_none_41e6975e2bd6f2b2\COMCTL32.dll
0x76fb0000 - 0x77007000 	C:\windows\syswow64\SHLWAPI.dll
0x76040000 - 0x760a0000 	C:\windows\system32\IMM32.DLL
0x75b60000 - 0x75c2c000 	C:\windows\syswow64\MSCTF.dll
0x72570000 - 0x7259b000 	C:\windows\SysWOW64\nvinit.dll
0x75650000 - 0x75659000 	C:\windows\system32\VERSION.dll
0x0f000000 - 0x0f006000 	C:\Program Files (x86)\NVIDIA Corporation\CoProcManager\detoured.dll
0x73140000 - 0x73169000 	C:\Program Files (x86)\NVIDIA Corporation\CoProcManager\nvd3d9wrap.dll
0x77470000 - 0x7760d000 	C:\windows\syswow64\SETUPAPI.dll
0x77610000 - 0x77637000 	C:\windows\syswow64\CFGMGR32.dll
0x76190000 - 0x7621f000 	C:\windows\syswow64\OLEAUT32.dll
0x758e0000 - 0x75a3c000 	C:\windows\syswow64\ole32.dll
0x75c30000 - 0x75c42000 	C:\windows\syswow64\DEVOBJ.dll
0x73120000 - 0x7313e000 	C:\Program Files (x86)\NVIDIA Corporation\CoProcManager\nvdxgiwrap.dll
0x66e50000 - 0x66f0f000 	D:\MyEclipse Professional 2014\binary\com.sun.java.jdk7.win32.x86_1.7.0.u45\jre\bin\msvcr100.dll
0x6d600000 - 0x6d980000 	D:\MyEclipse Professional 2014\binary\com.sun.java.jdk7.win32.x86_1.7.0.u45\jre\bin\client\jvm.dll
0x723e0000 - 0x723e7000 	C:\windows\system32\WSOCK32.dll
0x75820000 - 0x75855000 	C:\windows\syswow64\WS2_32.dll
0x77310000 - 0x77316000 	C:\windows\syswow64\NSI.dll
0x73230000 - 0x73262000 	C:\windows\system32\WINMM.dll
0x77210000 - 0x77215000 	C:\windows\syswow64\PSAPI.DLL
0x755f0000 - 0x755fc000 	D:\MyEclipse Professional 2014\binary\com.sun.java.jdk7.win32.x86_1.7.0.u45\jre\bin\verify.dll
0x755d0000 - 0x755f0000 	D:\MyEclipse Professional 2014\binary\com.sun.java.jdk7.win32.x86_1.7.0.u45\jre\bin\java.dll
0x74db0000 - 0x74dda000 	D:\MyEclipse Professional 2014\binary\com.sun.java.jdk7.win32.x86_1.7.0.u45\jre\bin\jdwp.dll
0x74da0000 - 0x74da7000 	D:\MyEclipse Professional 2014\binary\com.sun.java.jdk7.win32.x86_1.7.0.u45\jre\bin\npt.dll
0x755b0000 - 0x755c3000 	D:\MyEclipse Professional 2014\binary\com.sun.java.jdk7.win32.x86_1.7.0.u45\jre\bin\zip.dll
0x74d90000 - 0x74d98000 	D:\MyEclipse Professional 2014\binary\com.sun.java.jdk7.win32.x86_1.7.0.u45\jre\bin\dt_socket.dll
0x72630000 - 0x7266c000 	C:\windows\System32\mswsock.dll
0x72c10000 - 0x72c54000 	C:\windows\system32\DNSAPI.dll
0x74690000 - 0x74698000 	C:\windows\System32\winrnr.dll
0x733f0000 - 0x7340c000 	C:\windows\system32\IPHLPAPI.DLL
0x733e0000 - 0x733e7000 	C:\windows\system32\WINNSI.DLL
0x73410000 - 0x73416000 	C:\windows\System32\wshqos.dll
0x722c0000 - 0x722c5000 	C:\windows\system32\wshtcpip.DLL
0x722b0000 - 0x722b6000 	C:\windows\system32\wship6.dll
0x75590000 - 0x755a4000 	D:\MyEclipse Professional 2014\binary\com.sun.java.jdk7.win32.x86_1.7.0.u45\jre\bin\net.dll
0x75580000 - 0x7558f000 	D:\MyEclipse Professional 2014\binary\com.sun.java.jdk7.win32.x86_1.7.0.u45\jre\bin\nio.dll
0x72480000 - 0x7256b000 	C:\windows\system32\dbghelp.dll

VM Arguments:
jvm_args: -agentlib:jdwp=transport=dt_socket,suspend=y,address=localhost:2467 -Dfile.encoding=UTF-8 
java_command: com.hyq.treeTest.TreeTest
Launcher Type: SUN_STANDARD

Environment Variables:
JAVA_HOME=F:\hyq-java\Java\jdk1.6.0_45
CLASSPATH=.;F:\hyq-java\Java\jdk1.6.0_45\lib;F:\hyq-java\Java\jdk1.6.0_45\lib\dt.jar;F:\hyq-java\Java\jdk1.6.0_45\lib\tools.jar
PATH=D:\MyEclipse Professional 2014\binary\com.sun.java.jdk7.win32.x86_1.7.0.u45\jre\bin;D:/MyEclipse Professional 2014/binary/com.sun.java.jdk7.win32.x86_1.7.0.u45/jre/bin/client;D:/MyEclipse Professional 2014/binary/com.sun.java.jdk7.win32.x86_1.7.0.u45/jre/bin;D:/MyEclipse Professional 2014/binary/com.sun.java.jdk7.win32.x86_1.7.0.u45/jre/lib/i386;F:\hyq-java\Java\jdk1.6.0_45\bin;F:\hyq-java\Java\jdk1.6.0_45\jre\bin;C:\Program Files (x86)\NVIDIA Corporation\PhysX\Common;C:\Program Files (x86)\Intel\iCLS Client\;C:\Program Files\Intel\iCLS Client\;C:\windows\system32;C:\windows;C:\windows\System32\Wbem;C:\windows\System32\WindowsPowerShell\v1.0\;C:\Program Files\Intel\Intel(R) Management Engine Components\DAL;C:\Program Files\Intel\Intel(R) Management Engine Components\IPT;C:\Program Files (x86)\Intel\Intel(R) Management Engine Components\DAL;C:\Program Files (x86)\Intel\Intel(R) Management Engine Components\IPT;C:\Program Files (x86)\Intel\OpenCL SDK\2.0\bin\x86;C:\Program Files (x86)\Intel\OpenCL SDK\2.0\bin\x64;C:\Program Files (x86)\MySQL\MySQL Fabric 1.5.4 & MySQL Utilities 1.5.4 1.5\;C:\Program Files (x86)\MySQL\MySQL Fabric 1.5.4 & MySQL Utilities 1.5.4 1.5\Doctrine extensions for PHP\;C:\Program Files\Microsoft\Web Platform Installer\;C:\Program Files (x86)\Microsoft ASP.NET\ASP.NET Web Pages\v1.0\;C:\Program Files (x86)\Windows Kits\8.0\Windows Performance Toolkit\;C:\Program Files\Microsoft SQL Server\110\Tools\Binn\;D:\Git\Git\cmd;C:\Program Files\MySQL\MySQL Server 5.6\bin;D:\VC++\Tools\WinNT;D:\VC++\MSDev98\Bin;D:\VC++\Tools;D:\VC98\bin
USERNAME=HYQ
OS=Windows_NT
PROCESSOR_IDENTIFIER=Intel64 Family 6 Model 58 Stepping 9, GenuineIntel



---------------  S Y S T E M  ---------------

OS: Windows 7 , 64 bit Build 7601 Service Pack 1

CPU:total 4 (2 cores per cpu, 2 threads per core) family 6 model 58 stepping 9, cmov, cx8, fxsr, mmx, sse, sse2, sse3, ssse3, sse4.1, sse4.2, popcnt, avx, aes, erms, ht, tsc, tscinvbit, tscinv

Memory: 4k page, physical 4051164k(1165804k free), swap 8100484k(4797128k free)

vm_info: Java HotSpot(TM) Client VM (24.45-b08) for windows-x86 JRE (1.7.0_45-b18), built on Oct  8 2013 06:02:43 by "java_re" with unknown MS VC++:1600

time: Fri Jun 17 16:52:48 2016
elapsed time: 240 seconds

